[ngantenstory.id/khairina-elyas2/index3873.html]
[backblue.gif]
[fade.gif]
[index.html]
[ngantenstory.id/wp-includes/css/dist/block-library/style.mine23c.css]
[ngantenstory.id/wp-content/plugins/wonderplugin-audio/engine/icons/css/mhaudiofont9297.css]
[ngantenstory.id/wp-content/plugins/popups-for-divi/styles/front.min9254.css]
[ngantenstory.id/wp-content/themes/Divi/stylee23c.css]
[ngantenstory.id/wp-content/themes/ngantenstorytheme/style447e.css]
[ngantenstory.id/wp-content/plugins/loftloader/assets/css/loftloader.min4dcb.css]
[ngantenstory.id/wp-includes/css/dashicons.mine23c.css]
[ngantenstory.id/wp-content/plugins/popups-for-divi/scripts/ie-compat.min9254.js]
[ngantenstory.id/wp-includes/js/jquery/jquery.min9d52.js]
[ngantenstory.id/wp-includes/js/jquery/jquery-migrate.mind617.js]
[ngantenstory.id/wp-content/plugins/wonderplugin-audio/engine/wonderpluginaudioskins9297.js]
[ngantenstory.id/wp-content/plugins/wonderplugin-audio/engine/wonderpluginaudio9297.js]
[ngantenstory.id/wp-content/themes/ngantenstorytheme/ds-scripte23c.js]
[ngantenstory.id/wp-content/uploads/2020/12/cropped-FAVICON-NEW-32x32.png]
[ngantenstory.id/khairina-elyas2/index.html]
[ngantenstory.id/wp-content/uploads/2020/12/cropped-FAVICON-NEW-192x192.png]
[ngantenstory.id/wp-content/uploads/2020/12/cropped-FAVICON-NEW-180x180.png]
[ngantenstory.id/wp-content/uploads/2021/02/PleaseWaitLoad.png]
[ngantenstory.id/wp-content/et-cache/93133/et-core-unified-93133-16158079174099.min.css]
[ngantenstory.id/wp-content/uploads/2021/03/khairina-elyas.jpg]
[1.bp.blogspot.com/-3rcsQIhTwHA/YEoFcQ64lnI/AAAAAAAA3Yw/NP_q2zdmU_4xQQL4xQ4hd9dFxcYSrW5ywCLcBGAsYHQ/s16000/IMG_1305.JPG]
[1.bp.blogspot.com/-D9sDEvz5pnI/YEoFcy5YW7I/AAAAAAAA3Y4/KCmw2jhXflwOGiLypc1XANFlwg8mkBq0gCLcBGAsYHQ/s320/PP1.png]
[1.bp.blogspot.com/-ApTilCi-WUA/YEoFdWFQKCI/AAAAAAAA3Y8/vEahBhq8yfc4I8SKPlgfO0yPIkMg-8t8gCLcBGAsYHQ/s320/PP2.png]
[ngantenstory.id/wp-content/uploads/2020/12/Nganten-Story-e1582188146782.png]
[ngantenstory.id/wp-content/plugins/popups-for-divi/scripts/front.min9254.js]
[ngantenstory.id/wp-content/plugins/loftloader/assets/js/loftloader.min4dcb.js]
[ngantenstory.id/wp-content/themes/Divi/js/custom.unified447e.js]
[ngantenstory.id/wp-content/themes/Divi/core/admin/js/common447e.js]
[ngantenstory.id/khairina-elyas2/index3873.html]
[ngantenstory.id/wp-content/plugins/akismet/_inc/form5fa1.js]
[ngantenstory.id/khairina-elyas2/feed/index.html]
[ngantenstory.id/wp-includes/css/dist/block-library/style.mine23c.css]
[ngantenstory.id/wp-content/plugins/wonderplugin-audio/engine/icons/css/mhaudiofont9297.css]
[ngantenstory.id/wp-content/plugins/popups-for-divi/styles/front.min9254.css]
[ngantenstory.id/wp-content/plugins/popups-for-divi/images/spin.gif]
[ngantenstory.id/wp-content/themes/Divi/core/admin/fonts/modules.eot]
[ngantenstory.id/wp-content/themes/Divi/core/admin/fonts/modulesd41d.eot]
[ngantenstory.id/wp-content/themes/Divi/core/admin/fonts/modules.ttf]
[ngantenstory.id/wp-content/themes/Divi/core/admin/fonts/modules.woff]
[ngantenstory.id/wp-content/themes/Divi/core/admin/fonts/modules.svg]
[ngantenstory.id/wp-content/themes/Divi/includes/builder/styles/images/subscribe-loader.gif]
[ngantenstory.id/wp-content/themes/Divi/includes/builder/styles/images/preloader.gif]
[ngantenstory.id/wp-content/themes/Divi/stylee23c.css]
[ngantenstory.id/wp-content/themes/ngantenstorytheme/style447e.css]
[ngantenstory.id/wp-content/plugins/loftloader/assets/css/loftloader.min4dcb.css]
[ngantenstory.id/wp-includes/css/dashicons.mine23c.css]
[ngantenstory.id/wp-content/themes/Divi/epanel/shortcodes/images/shortcodes-sprite.png]
[ngantenstory.id/wp-content/cache/min/1/wp-content/plugins/wonderplugin-audio/engine/icons/css/mhaudiofontb9a6.css]
[ngantenstory.id/wp-content/cache/min/1/wp-content/themes/Divi/styleb9a6.css]
[ngantenstory.id/wp-content/cache/min/1/wp-includes/css/dashicons.minb9a6.css]
[ngantenstory.id/wp-content/cache/min/1/wp-content/et-cache/93133/et-core-unified-93133-16158079174099.min88b8.css]
[ngantenstory.id/khairina-elyas2/index.html]
[ngantenstory.id/wp-content/plugins/wp-rocket/assets/js/lazyload/16.1/lazyload.min.js]
[1.bp.blogspot.com/--vUFaW0y-Fc/YEoFbzZuI1I/AAAAAAAA3Ys/Cw9oqXgjiKsRnTaO3p7nEaCVK04oU3SEgCLcBGAsYHQ/s16000/1.jpg]
[ngantenstory.id/wp-content/et-cache/93133/et-core-unified-93133-16158079174099.min.css]
[ngantenstory.id/wp-content/themes/Divi/core/admin/fonts/modules.svg]
[ngantenstory.id/wp-content/cache/min/1/wp-content/plugins/wonderplugin-audio/engine/icons/css/mhaudiofontb9a6.css]
[ngantenstory.id/wp-content/cache/min/1/wp-content/themes/Divi/styleb9a6.css]
[ngantenstory.id/wp-content/cache/min/1/wp-includes/css/dashicons.minb9a6.css]
[ngantenstory.id/wp-content/cache/min/1/wp-content/et-cache/93133/et-core-unified-93133-16158079174099.min88b8.css]
